<?xml version="1.0" encoding="UTF-8"?>
<testsuite name="CalculadoraTest" tests="4" skipped="0" failures="0" errors="0" timestamp="2025-11-10T12:15:25" hostname="PC-DO-GUIZIM" time="0.023">
  <properties/>
  <testcase name="testSubtrair()" classname="CalculadoraTest" time="0.018"/>
  <testcase name="testSoma()" classname="CalculadoraTest" time="0.001"/>
  <testcase name="testMultiplicar()" classname="CalculadoraTest" time="0.001"/>
  <testcase name="testDividir()" classname="CalculadoraTest" time="0.001"/>
  <system-out><![CDATA[]]></system-out>
  <system-err><![CDATA[]]></system-err>
</testsuite>
